[www.kevinthemonkey.io/index.html]
[backblue.gif]
[fade.gif]
[index.html]
[uploads-ssl.webflow.com/61cb95e9f08b9f064313408a/css/kevin-the-monkey-website.webflow.e50a4d7b4.css]
[ajax.googleapis.com/ajax/libs/webfont/1.6.26/webfont.js]
[uploads-ssl.webflow.com/61cb95e9f08b9f064313408a/61f125277dd58a5c8ffa2892_icon-favicon.png]
[uploads-ssl.webflow.com/61cb95e9f08b9f064313408a/61f1252bc32e1d8165492850_icon-webclip.png]
[uploads-ssl.webflow.com/61cb95e9f08b9f064313408a/61f17c1bf17a3a6a695f7a24_Kevin-head-plain-200.png]
[uploads-ssl.webflow.com/61cb95e9f08b9f064313408a/624080c70eabb3b36461cbd0_1-Billion-Kevin-ETH-neckalce-no-back-diamonds.png]
[uploads-ssl.webflow.com/61cb95e9f08b9f064313408a/6241bad33eec2bd687397fe2_1.png]
[uploads-ssl.webflow.com/61cb95e9f08b9f064313408a/6241b074d2c24cb9c9a43b9a_2.png]
[uploads-ssl.webflow.com/61cb95e9f08b9f064313408a/6241b07534a34eafe0c420a5_3.png]
[uploads-ssl.webflow.com/61cb95e9f08b9f064313408a/6241b075ba8a343fcfabe129_4.png]
[uploads-ssl.webflow.com/61cb95e9f08b9f064313408a/6241b0753814191caab3460c_5.png]
[uploads-ssl.webflow.com/61cb95e9f08b9f064313408a/6241b076f1484537463a43a6_6.png]
[uploads-ssl.webflow.com/61cb95e9f08b9f064313408a/6241b07759017d7094cd9529_7.png]
[uploads-ssl.webflow.com/61cb95e9f08b9f064313408a/6241b077dc2a990d7f1066a0_8.png]
[uploads-ssl.webflow.com/61cb95e9f08b9f064313408a/6241b79c33b8245218120c76_9.png]
[uploads-ssl.webflow.com/61cb95e9f08b9f064313408a/6241b79d9607049d3972f7cb_10.png]
[uploads-ssl.webflow.com/61cb95e9f08b9f064313408a/6241b0796a2a9a38d34680ed_10.png]
[uploads-ssl.webflow.com/61cb95e9f08b9f064313408a/6241b79ec7fe42250f42495c_12.png]
[uploads-ssl.webflow.com/61cb95e9f08b9f064313408a/61e0048d48352b7b48dfc302_Kevin-head-Al.png]
[uploads-ssl.webflow.com/61cb95e9f08b9f064313408a/61e0048dccff1e098a1b941c_Kevin-head-Foude.png]
[uploads-ssl.webflow.com/61cb95e9f08b9f064313408a/61e0048d788179dfc511c230_Kevin-head-Ed.png]
[uploads-ssl.webflow.com/61cb95e9f08b9f064313408a/61f92d50f2347a8190554860_Kevin-head-Matt.png]
[uploads-ssl.webflow.com/61cb95e9f08b9f064313408a/62407a40f5a8f45d094132fb_Kevin-head-Moonwalk-246.png]
[uploads-ssl.webflow.com/61cb95e9f08b9f064313408a/62407a40915cf040bbe0cf9c_Kevin-head-Harrison-246.png]
[uploads-ssl.webflow.com/61cb95e9f08b9f064313408a/62407a4172ff2f344e18e3d5_Kevin-head-Tris-246.png]
[uploads-ssl.webflow.com/61cb95e9f08b9f064313408a/6240f0cea4740e3a64f82e65_Kevin-head-Soph-246.png]
[uploads-ssl.webflow.com/61cb95e9f08b9f064313408a/62407a412d3f14285017bba9_Kevin-head-Sam-246.png]
[uploads-ssl.webflow.com/61cb95e9f08b9f064313408a/6240781b2c7bdda5468e34a5_Kevin-head-Dan-246.png]
[uploads-ssl.webflow.com/61cb95e9f08b9f064313408a/62407a647b3a33490b3a13a5_Kevin-head-Don-246.png]
[uploads-ssl.webflow.com/61cb95e9f08b9f064313408a/62407e6c2eb2f3253c36584a_Kevin-head-Shen-246.png]
[uploads-ssl.webflow.com/61cb95e9f08b9f064313408a/61e294756d069e6220038a23_red.png]
[uploads-ssl.webflow.com/61cb95e9f08b9f064313408a/61e2947530408b74ba8489e1_orange.png]
[uploads-ssl.webflow.com/61cb95e9f08b9f064313408a/61e29475c19362dac5ba0569_yellow.png]
[uploads-ssl.webflow.com/61cb95e9f08b9f064313408a/61e2947523080218ee13ff15_green.png]
[uploads-ssl.webflow.com/61cb95e9f08b9f064313408a/61e294756bf3d6555414404e_blue.png]
[uploads-ssl.webflow.com/61cb95e9f08b9f064313408a/61e294757c0d0f1500402ad7_violet.png]
[uploads-ssl.webflow.com/61cb95e9f08b9f064313408a/61e295961ee9e18279109c7d_grey.png]
[uploads-ssl.webflow.com/61cb95e9f08b9f064313408a/61e5817100d49cfe1e27a508_kevin-head-bottom.png]
[d3e54v103j8qbb.cloudfront.net/js/jquery-3.5.1.min.dc5e7f18c88609.js]
[www.kevinthemonkey.io/index.html]
[uploads-ssl.webflow.com/61cb95e9f08b9f064313408a/js/webflow.c37642c04.js]
[uploads-ssl.webflow.com/61cb95e9f08b9f064313408a/61eed36bd04a05513ae88032_hero-kev-4-small.png]
[uploads-ssl.webflow.com/61cb95e9f08b9f064313408a/61eed36b17f08608e97e1956_hero-kev-3-small.png]
[uploads-ssl.webflow.com/61cb95e9f08b9f064313408a/61eed36bea1ecf081ce850b3_hero-kev-2-small.png]
[uploads-ssl.webflow.com/61cb95e9f08b9f064313408a/61eed36bc12b821c383117a5_hero-kev-1-small.png]
[uploads-ssl.webflow.com/61cb95e9f08b9f064313408a/css/kevin-the-monkey-website.webflow.e50a4d7b4.css]
[www.kevinthemonkey.io/ie-page]
[www.kevinthemonkey.io/terms-of-service]
[www.kevinthemonkey.io/ownership.html]
